<?xml version="1.0" encoding="UTF-8"?>
<testng-results skipped="0" failed="1" ignored="0" total="1" passed="0">
  <reporter-output>
  </reporter-output>
  <suite name="Portal Test" duration-ms="43874" started-at="2019-09-10T09:25:15Z" finished-at="2019-09-10T09:25:59Z">
    <groups>
      <group name="cucumber">
        <method signature="AbstractTestNGCucumberTests.feature(cucumber.api.testng.CucumberFeatureWrapper)[pri:0, instance:runner.RunCuke@1d29cf23]" name="feature" class="cucumber.api.testng.AbstractTestNGCucumberTests"/>
      </group> <!-- cucumber -->
    </groups>
    <test name="Ask Question Tests" duration-ms="43874" started-at="2019-09-10T09:25:15Z" finished-at="2019-09-10T09:25:59Z">
      <class name="runner.RunCuke">
        <test-method status="PASS" signature="setUpClass()[pri:0, instance:runner.RunCuke@1d29cf23]" name="setUpClass" is-config="true" duration-ms="184" started-at="2019-09-10T14:55:15Z" finished-at="2019-09-10T14:55:15Z">
          <reporter-output>
          </reporter-output>
        </test-method> <!-- setUpClass -->
        <test-method status="PASS" signature="devicePreCheck(java.lang.String)[pri:0, instance:runner.RunCuke@1d29cf23]" name="devicePreCheck" is-config="true" duration-ms="1" started-at="2019-09-10T14:55:15Z" finished-at="2019-09-10T14:55:15Z">
          <params>
            <param index="0">
              <value>
                <![CDATA[false]]>
              </value>
            </param>
          </params>
          <reporter-output>
          </reporter-output>
        </test-method> <!-- devicePreCheck -->
        <test-method status="FAIL" signature="feature(cucumber.api.testng.CucumberFeatureWrapper)[pri:0, instance:runner.RunCuke@1d29cf23]" name="feature" duration-ms="43379" started-at="2019-09-10T14:55:15Z" description="Runs Cucumber Feature" data-provider="features" finished-at="2019-09-10T14:55:59Z">
          <params>
            <param index="0">
              <value>
                <![CDATA[Verify for the sublinks under Ask A Question.]]>
              </value>
            </param>
          </params>
          <exception class="java.lang.Throwable">
            <message>
              <![CDATA[Multiple failures (2):nnFailure 1 of 2:njunit.framework.ComparisonFailure: Both are same expected:<[row 2 or column ASK A QUESTION does not exist in xls]> but was:<[Schedule Consultation]>
	at junit.framework.Assert.assertEquals(Assert.java:100)
	at steps.AskAQuestionsAvailability.i_can_see_Schedule_Consulation(AskAQuestionsAvailability.java:33)
	at ✽.Then I can see Schedule Consulation.(src/test/resources/features/AskAQuestion.feature:5)
nnFailure 2 of 2:ncucumber.runtime.CucumberException: junit.framework.ComparisonFailure: Both are same expected:<[row 2 or column ASK A QUESTION does not exist in xls]> but was:<[Schedule Consultation]>]]>
            </message>
            <full-stacktrace>
              <![CDATA[java.lang.Throwable: Multiple failures (2):nnFailure 1 of 2:njunit.framework.ComparisonFailure: Both are same expected:<[row 2 or column ASK A QUESTION does not exist in xls]> but was:<[Schedule Consultation]>
	at junit.framework.Assert.assertEquals(Assert.java:100)
	at steps.AskAQuestionsAvailability.i_can_see_Schedule_Consulation(AskAQuestionsAvailability.java:33)
	at ✽.Then I can see Schedule Consulation.(src/test/resources/features/AskAQuestion.feature:5)
nnFailure 2 of 2:ncucumber.runtime.CucumberException: junit.framework.ComparisonFailure: Both are same expected:<[row 2 or column ASK A QUESTION does not exist in xls]> but was:<[Schedule Consultation]>
	at cucumber.api.testng.TestNGCucumberRunner.runCucumber(TestNGCucumberRunner.java:69)
	at cucumber.api.testng.AbstractTestNGCucumberTests.feature(AbstractTestNGCucumberTests.java:21)
	at sun.reflect.NativeMethodAccessorImpl.invoke0(Native Method)
	at sun.reflect.NativeMethodAccessorImpl.invoke(Unknown Source)
	at sun.reflect.DelegatingMethodAccessorImpl.invoke(Unknown Source)
	at java.lang.reflect.Method.invoke(Unknown Source)
	at org.testng.internal.MethodInvocationHelper.invokeMethod(MethodInvocationHelper.java:108)
	at org.testng.internal.Invoker.invokeMethod(Invoker.java:661)
	at org.testng.internal.Invoker.invokeTestMethod(Invoker.java:869)
	at org.testng.internal.Invoker.invokeTestMethods(Invoker.java:1193)
	at org.testng.internal.TestMethodWorker.invokeTestMethods(TestMethodWorker.java:126)
	at org.testng.internal.TestMethodWorker.run(TestMethodWorker.java:109)
	at org.testng.TestRunner.privateRun(TestRunner.java:744)
	at org.testng.TestRunner.run(TestRunner.java:602)
	at org.testng.SuiteRunner.runTest(SuiteRunner.java:380)
	at org.testng.SuiteRunner.runSequentially(SuiteRunner.java:375)
	at org.testng.SuiteRunner.privateRun(SuiteRunner.java:340)
	at org.testng.SuiteRunner.run(SuiteRunner.java:289)
	at org.testng.SuiteRunnerWorker.runSuite(SuiteRunnerWorker.java:52)
	at org.testng.SuiteRunnerWorker.run(SuiteRunnerWorker.java:86)
	at org.testng.TestNG.runSuitesSequentially(TestNG.java:1301)
	at org.testng.TestNG.runSuitesLocally(TestNG.java:1226)
	at org.testng.TestNG.runSuites(TestNG.java:1144)
	at org.testng.TestNG.run(TestNG.java:1115)
	at org.testng.remote.AbstractRemoteTestNG.run(AbstractRemoteTestNG.java:115)
	at org.testng.remote.RemoteTestNG.initAndRun(RemoteTestNG.java:251)
	at org.testng.remote.RemoteTestNG.main(RemoteTestNG.java:77)
]]>
            </full-stacktrace>
          </exception> <!-- java.lang.Throwable -->
          <reporter-output>
          </reporter-output>
        </test-method> <!-- feature -->
        <test-method status="PASS" signature="writeExtentReport()[pri:0, instance:runner.RunCuke@1d29cf23]" name="writeExtentReport" is-config="true" duration-ms="4" started-at="2019-09-10T14:55:59Z" finished-at="2019-09-10T14:55:59Z">
          <reporter-output>
          </reporter-output>
        </test-method> <!-- writeExtentReport -->
        <test-method status="PASS" signature="tearDownClass()[pri:0, instance:runner.RunCuke@1d29cf23]" name="tearDownClass" is-config="true" duration-ms="241" started-at="2019-09-10T14:55:59Z" finished-at="2019-09-10T14:55:59Z">
          <reporter-output>
          </reporter-output>
        </test-method> <!-- tearDownClass -->
      </class> <!-- runner.RunCuke -->
    </test> <!-- Ask Question Tests -->
  </suite> <!-- Portal Test -->
</testng-results>
